<?xml version="1.0" encoding="UTF-8"?>
<testsuite xmlns:xsi="http://www.w3.org/2001/XMLSchema-instance" xsi:noNamespaceSchemaLocation="https://maven.apache.org/surefire/maven-surefire-plugin/xsd/surefire-test-report.xsd" name="TestSuite" time="426.245" tests="2" errors="0" skipped="0" failures="1">
  <properties>
[...]
</properties>
  <testcase name="feature" classname="cucumberoptions.TestRunner" time="239.541">
    <failure message="org.openqa.selenium.TimeoutException: timeout: Timed out receiving message from renderer: 20.000&#10;  (Session info: chrome=83.0.4103.97)&#10;Build info: version: &apos;3.141.59&apos;, revision: &apos;e82be7d358&apos;, time: &apos;2018-11-14T08:17:03&apos;&#10;System info: host: &apos;LAPTOP-BG1H6HQE&apos;, ip: &apos;192.168.0.101&apos;, os.name: &apos;Windows 10&apos;, os.arch: &apos;amd64&apos;, os.version: &apos;10.0&apos;, java.version: &apos;11.0.5&apos;&#10;Driver info: org.openqa.selenium.chrome.ChromeDriver&#10;Capabilities {acceptInsecureCerts: false, browserName: chrome, browserVersion: 83.0.4103.97, chrome: {chromedriverVersion: 83.0.4103.39 (ccbf011cb2d2b..., userDataDir: C:\Users\User\AppData\Local...}, goog:chromeOptions: {debuggerAddress: localhost:62087}, javascriptEnabled: true, networkConnectionEnabled: false, pageLoadStrategy: normal, platform: WINDOWS, platformName: WINDOWS, proxy: Proxy(), setWindowRect: true, strictFileInteractability: false, timeouts: {implicit: 0, pageLoad: 300000, script: 30000}, unhandledPromptBehavior: dismiss and notify, webauthn:virtualAuthenticators: true}&#10;Session ID: 894d3b4d25edd1395ffde66c0ceffbfb" type="cucumber.runtime.CucumberException">cucumber.runtime.CucumberException: 
org.openqa.selenium.TimeoutException: timeout: Timed out receiving message from renderer: 20.000
  (Session info: chrome=83.0.4103.97)
Build info: version: '3.141.59', revision: 'e82be7d358', time: '2018-11-14T08:17:03'
System info: host: 'LAPTOP-BG1H6HQE', ip: '192.168.0.101', os.name: 'Windows 10', os.arch: 'amd64', os.version: '10.0', java.version: '11.0.5'
Driver info: org.openqa.selenium.chrome.ChromeDriver
Capabilities {acceptInsecureCerts: false, browserName: chrome, browserVersion: 83.0.4103.97, chrome: {chromedriverVersion: 83.0.4103.39 (ccbf011cb2d2b..., userDataDir: C:\Users\User\AppData\Local...}, goog:chromeOptions: {debuggerAddress: localhost:62087}, javascriptEnabled: true, networkConnectionEnabled: false, pageLoadStrategy: normal, platform: WINDOWS, platformName: WINDOWS, proxy: Proxy(), setWindowRect: true, strictFileInteractability: false, timeouts: {implicit: 0, pageLoad: 300000, script: 30000}, unhandledPromptBehavior: dismiss and notify, webauthn:virtualAuthenticators: true}
Session ID: 894d3b4d25edd1395ffde66c0ceffbfb
Caused by: org.openqa.selenium.TimeoutException: 
timeout: Timed out receiving message from renderer: 20.000
  (Session info: chrome=83.0.4103.97)
Build info: version: '3.141.59', revision: 'e82be7d358', time: '2018-11-14T08:17:03'
System info: host: 'LAPTOP-BG1H6HQE', ip: '192.168.0.101', os.name: 'Windows 10', os.arch: 'amd64', os.version: '10.0', java.version: '11.0.5'
Driver info: org.openqa.selenium.chrome.ChromeDriver
Capabilities {acceptInsecureCerts: false, browserName: chrome, browserVersion: 83.0.4103.97, chrome: {chromedriverVersion: 83.0.4103.39 (ccbf011cb2d2b..., userDataDir: C:\Users\User\AppData\Local...}, goog:chromeOptions: {debuggerAddress: localhost:62087}, javascriptEnabled: true, networkConnectionEnabled: false, pageLoadStrategy: normal, platform: WINDOWS, platformName: WINDOWS, proxy: Proxy(), setWindowRect: true, strictFileInteractability: false, timeouts: {implicit: 0, pageLoad: 300000, script: 30000}, unhandledPromptBehavior: dismiss and notify, webauthn:virtualAuthenticators: true}
Session ID: 894d3b4d25edd1395ffde66c0ceffbfb
</failure>
    <system-out><![CDATA[16/Jun/2020 16:01:03,773- Class: Test scenarios has been started i.e. feature
Feature: My Hp Customer Console
16/Jun/2020 16:01:08,110- Class: ChromeBrowser has been initialized
16/Jun/2020 16:01:27,238- Class: HPGas URL has  been launched
16/Jun/2020 16:01:31,896- Class: SignIn button is clicked on Securities Verification page
16/Jun/2020 16:01:32,237- Class: Valid emailID has been entered in the securities verification page
16/Jun/2020 16:01:37,898- Class: capcha is entered in the panelbox
16/Jun/2020 16:01:38,987- Class: LoginPage title is retrievedMy HPGas | Login
16/Jun/2020 16:01:39,217- Class: User has entered a valid password in the login page

  Scenario: Home Page default login validation              &amp#27;[90m# CustomerConsole.feature:3&amp#27;[0m
    &amp#27;[32mGiven &amp#27;[0m&amp#27;[32mUser is on My HpGas login page&amp#27;[0m                    &amp#27;[90m# CustomerConsoleStepDefinitions.user_is_on_my_hpgas_login_page()&amp#27;[0m
    &amp#27;[32mWhen &amp#27;[0m&amp#27;[32mUser cracks the security verification successfully&amp#27;[0m &amp#27;[90m# CustomerConsoleStepDefinitions.user_cracks_the_security_verification_successfully()&amp#27;[0m
    &amp#27;[31mAnd &amp#27;[0m&amp#27;[31mUser login into application with password&amp#27;[0m           &amp#27;[90m# CustomerConsoleStepDefinitions.user_login_into_application_with_password()&amp#27;[0m
      &amp#27;[31morg.openqa.selenium.TimeoutException: timeout: Timed out receiving message from renderer: 20.000
        (Session info: chrome=83.0.4103.97)
      Build info: version: '3.141.59', revision: 'e82be7d358', time: '2018-11-14T08:17:03'
      System info: host: 'LAPTOP-BG1H6HQE', ip: '192.168.0.101', os.name: 'Windows 10', os.arch: 'amd64', os.version: '10.0', java.version: '11.0.5'
      Driver info: org.openqa.selenium.chrome.ChromeDriver
      Capabilities {acceptInsecureCerts: false, browserName: chrome, browserVersion: 83.0.4103.97, chrome: {chromedriverVersion: 83.0.4103.39 (ccbf011cb2d2b..., userDataDir: C:\Users\User\AppData\Local...}, goog:chromeOptions: {debuggerAddress: localhost:62087}, javascriptEnabled: true, networkConnectionEnabled: false, pageLoadStrategy: normal, platform: WINDOWS, platformName: WINDOWS, proxy: Proxy(), setWindowRect: true, strictFileInteractability: false, timeouts: {implicit: 0, pageLoad: 300000, script: 30000}, unhandledPromptBehavior: dismiss and notify, webauthn:virtualAuthenticators: true}
      Session ID: 894d3b4d25edd1395ffde66c0ceffbfb
      	at java.base/jdk.internal.reflect.NativeConstructorAccessorImpl.newInstance0(Native Method)
      	at java.base/jdk.internal.reflect.NativeConstructorAccessorImpl.newInstance(NativeConstructorAccessorImpl.java:62)
      	at java.base/jdk.internal.reflect.DelegatingConstructorAccessorImpl.newInstance(DelegatingConstructorAccessorImpl.java:45)
      	at java.base/java.lang.reflect.Constructor.newInstance(Constructor.java:490)
      	at org.openqa.selenium.remote.http.W3CHttpResponseCodec.createException(W3CHttpResponseCodec.java:187)
      	at org.openqa.selenium.remote.http.W3CHttpResponseCodec.decode(W3CHttpResponseCodec.java:122)
      	at org.openqa.selenium.remote.http.W3CHttpResponseCodec.decode(W3CHttpResponseCodec.java:49)
      	at org.openqa.selenium.remote.HttpCommandExecutor.execute(HttpCommandExecutor.java:158)
      	at org.openqa.selenium.remote.service.DriverCommandExecutor.execute(DriverCommandExecutor.java:83)
      	at org.openqa.selenium.remote.RemoteWebDriver.execute(RemoteWebDriver.java:552)
      	at org.openqa.selenium.remote.RemoteWebElement.execute(RemoteWebElement.java:285)
      	at org.openqa.selenium.remote.RemoteWebElement.click(RemoteWebElement.java:84)
      	at java.base/jdk.internal.reflect.NativeMethodAccessorImpl.invoke0(Native Method)
      	at java.base/jdk.internal.reflect.NativeMethodAccessorImpl.invoke(NativeMethodAccessorImpl.java:62)
      	at java.base/jdk.internal.reflect.DelegatingMethodAccessorImpl.invoke(DelegatingMethodAccessorImpl.java:43)
      	at java.base/java.lang.reflect.Method.invoke(Method.java:566)
      	at org.openqa.selenium.support.pagefactory.internal.LocatingElementHandler.invoke(LocatingElementHandler.java:51)
      	at com.sun.proxy.$Proxy34.click(Unknown Source)
      	at com.qa.pageobjects.LoginPage.onLoginsuccess(LoginPage.java:33)
      	at stepdefinitions.CustomerConsoleStepDefinitions.user_login_into_application_with_password(CustomerConsoleStepDefinitions.java:48)
      	at ?.And User login into application with password(CustomerConsole.feature:6)
      &amp#27;[0m
    &amp#27;[36mThen &amp#27;[0m&amp#27;[36mHome page is displayed&amp#27;[0m                             &amp#27;[90m# CustomerConsoleStepDefinitions.home_page_is_displayed()&amp#27;[0m
    &amp#27;[36mAnd &amp#27;[0m&amp#27;[36mCustomer console is displayed&amp#27;[0m                       &amp#27;[90m# CustomerConsoleStepDefinitions.customer_console_is_displayed()&amp#27;[0m
    &amp#27;[36mAnd &amp#27;[0m&amp#27;[36mUser closes out the browser successfully&amp#27;[0m            &amp#27;[90m# CustomerConsoleStepDefinitions.user_closes_out_the_browser_successfully()&amp#27;[0m
16/Jun/2020 16:02:02,791- Class: ChromeBrowser has been initialized
16/Jun/2020 16:02:33,407- Class: HPGas URL has  been launched
16/Jun/2020 16:02:40,508- Class: SignIn button is clicked on Securities Verification page
16/Jun/2020 16:02:40,796- Class: Valid emailID has been entered in the securities verification page
16/Jun/2020 16:02:56,133- Class: capcha is entered in the panelbox
16/Jun/2020 16:02:57,553- Class: LoginPage title is retrievedMy HPGas | Login
16/Jun/2020 16:02:57,798- Class: User has entered a valid password in the login page

  Scenario: Distributor Details validation                  &amp#27;[90m# CustomerConsole.feature:11&amp#27;[0m
    &amp#27;[32mGiven &amp#27;[0m&amp#27;[32mUser is on My HpGas login page&amp#27;[0m                    &amp#27;[90m# CustomerConsoleStepDefinitions.user_is_on_my_hpgas_login_page()&amp#27;[0m
    &amp#27;[32mWhen &amp#27;[0m&amp#27;[32mUser cracks the security verification successfully&amp#27;[0m &amp#27;[90m# CustomerConsoleStepDefinitions.user_cracks_the_security_verification_successfully()&amp#27;[0m
    &amp#27;[31mAnd &amp#27;[0m&amp#27;[31mUser login into application with password&amp#27;[0m           &amp#27;[90m# CustomerConsoleStepDefinitions.user_login_into_application_with_password()&amp#27;[0m
      &amp#27;[31morg.openqa.selenium.TimeoutException: timeout: Timed out receiving message from renderer: 20.000
        (Session info: chrome=83.0.4103.97)
      Build info: version: '3.141.59', revision: 'e82be7d358', time: '2018-11-14T08:17:03'
      System info: host: 'LAPTOP-BG1H6HQE', ip: '192.168.0.101', os.name: 'Windows 10', os.arch: 'amd64', os.version: '10.0', java.version: '11.0.5'
      Driver info: org.openqa.selenium.chrome.ChromeDriver
      Capabilities {acceptInsecureCerts: false, browserName: chrome, browserVersion: 83.0.4103.97, chrome: {chromedriverVersion: 83.0.4103.39 (ccbf011cb2d2b..., userDataDir: C:\Users\User\AppData\Local...}, goog:chromeOptions: {debuggerAddress: localhost:62136}, javascriptEnabled: true, networkConnectionEnabled: false, pageLoadStrategy: normal, platform: WINDOWS, platformName: WINDOWS, proxy: Proxy(), setWindowRect: true, strictFileInteractability: false, timeouts: {implicit: 0, pageLoad: 300000, script: 30000}, unhandledPromptBehavior: dismiss and notify, webauthn:virtualAuthenticators: true}
      Session ID: fb8520a38e2d04cf0d42df7da0fed2cc
      	at java.base/jdk.internal.reflect.NativeConstructorAccessorImpl.newInstance0(Native Method)
      	at java.base/jdk.internal.reflect.NativeConstructorAccessorImpl.newInstance(NativeConstructorAccessorImpl.java:62)
      	at java.base/jdk.internal.reflect.DelegatingConstructorAccessorImpl.newInstance(DelegatingConstructorAccessorImpl.java:45)
      	at java.base/java.lang.reflect.Constructor.newInstance(Constructor.java:490)
      	at org.openqa.selenium.remote.http.W3CHttpResponseCodec.createException(W3CHttpResponseCodec.java:187)
      	at org.openqa.selenium.remote.http.W3CHttpResponseCodec.decode(W3CHttpResponseCodec.java:122)
      	at org.openqa.selenium.remote.http.W3CHttpResponseCodec.decode(W3CHttpResponseCodec.java:49)
      	at org.openqa.selenium.remote.HttpCommandExecutor.execute(HttpCommandExecutor.java:158)
      	at org.openqa.selenium.remote.service.DriverCommandExecutor.execute(DriverCommandExecutor.java:83)
      	at org.openqa.selenium.remote.RemoteWebDriver.execute(RemoteWebDriver.java:552)
      	at org.openqa.selenium.remote.RemoteWebElement.execute(RemoteWebElement.java:285)
      	at org.openqa.selenium.remote.RemoteWebElement.click(RemoteWebElement.java:84)
      	at java.base/jdk.internal.reflect.NativeMethodAccessorImpl.invoke0(Native Method)
      	at java.base/jdk.internal.reflect.NativeMethodAccessorImpl.invoke(NativeMethodAccessorImpl.java:62)
      	at java.base/jdk.internal.reflect.DelegatingMethodAccessorImpl.invoke(DelegatingMethodAccessorImpl.java:43)
      	at java.base/java.lang.reflect.Method.invoke(Method.java:566)
      	at org.openqa.selenium.support.pagefactory.internal.LocatingElementHandler.invoke(LocatingElementHandler.java:51)
      	at com.sun.proxy.$Proxy34.click(Unknown Source)
      	at com.qa.pageobjects.LoginPage.onLoginsuccess(LoginPage.java:33)
      	at stepdefinitions.CustomerConsoleStepDefinitions.user_login_into_application_with_password(CustomerConsoleStepDefinitions.java:48)
      	at ?.And User login into application with password(CustomerConsole.feature:14)
      &amp#27;[0m
    &amp#27;[36mThen &amp#27;[0m&amp#27;[36mHome page is displayed&amp#27;[0m                             &amp#27;[90m# CustomerConsoleStepDefinitions.home_page_is_displayed()&amp#27;[0m
    &amp#27;[36mAnd &amp#27;[0m&amp#27;[36mUser verifies the distributor details succesfully&amp#27;[0m   &amp#27;[90m# CustomerConsoleStepDefinitions.user_verifies_the_distributor_details_succesfully()&amp#27;[0m
    &amp#27;[36mAnd &amp#27;[0m&amp#27;[36mUser closes out the browser successfully&amp#27;[0m            &amp#27;[90m# CustomerConsoleStepDefinitions.user_closes_out_the_browser_successfully()&amp#27;[0m
16/Jun/2020 16:03:21,403- Class: ChromeBrowser has been initialized
16/Jun/2020 16:03:30,498- Class: HPGas URL has  been launched
16/Jun/2020 16:03:44,289- Class: SignIn button is clicked on Securities Verification page
16/Jun/2020 16:03:44,642- Class: Valid emailID has been entered in the securities verification page
16/Jun/2020 16:03:49,754- Class: capcha is entered in the panelbox
16/Jun/2020 16:03:52,960- Class: LoginPage title is retrievedMy HPGas | Login
16/Jun/2020 16:03:53,206- Class: User has entered a valid password in the login page

  Scenario: Disclaimer link validation                                     &amp#27;[90m# CustomerConsole.feature:19&amp#27;[0m
    &amp#27;[32mGiven &amp#27;[0m&amp#27;[32mUser is on My HpGas login page&amp#27;[0m                                   &amp#27;[90m# CustomerConsoleStepDefinitions.user_is_on_my_hpgas_login_page()&amp#27;[0m
    &amp#27;[32mWhen &amp#27;[0m&amp#27;[32mUser cracks the security verification successfully&amp#27;[0m                &amp#27;[90m# CustomerConsoleStepDefinitions.user_cracks_the_security_verification_successfully()&amp#27;[0m
    &amp#27;[31mAnd &amp#27;[0m&amp#27;[31mUser login into application with password&amp#27;[0m                          &amp#27;[90m# CustomerConsoleStepDefinitions.user_login_into_application_with_password()&amp#27;[0m
      &amp#27;[31morg.openqa.selenium.TimeoutException: timeout: Timed out receiving message from renderer: 20.000
        (Session info: chrome=83.0.4103.97)
      Build info: version: '3.141.59', revision: 'e82be7d358', time: '2018-11-14T08:17:03'
      System info: host: 'LAPTOP-BG1H6HQE', ip: '192.168.0.101', os.name: 'Windows 10', os.arch: 'amd64', os.version: '10.0', java.version: '11.0.5'
      Driver info: org.openqa.selenium.chrome.ChromeDriver
      Capabilities {acceptInsecureCerts: false, browserName: chrome, browserVersion: 83.0.4103.97, chrome: {chromedriverVersion: 83.0.4103.39 (ccbf011cb2d2b..., userDataDir: C:\Users\User\AppData\Local...}, goog:chromeOptions: {debuggerAddress: localhost:62442}, javascriptEnabled: true, networkConnectionEnabled: false, pageLoadStrategy: normal, platform: WINDOWS, platformName: WINDOWS, proxy: Proxy(), setWindowRect: true, strictFileInteractability: false, timeouts: {implicit: 0, pageLoad: 300000, script: 30000}, unhandledPromptBehavior: dismiss and notify, webauthn:virtualAuthenticators: true}
      Session ID: 900ca80dbe7a27b45eb95a7515907741
      	at java.base/jdk.internal.reflect.NativeConstructorAccessorImpl.newInstance0(Native Method)
      	at java.base/jdk.internal.reflect.NativeConstructorAccessorImpl.newInstance(NativeConstructorAccessorImpl.java:62)
      	at java.base/jdk.internal.reflect.DelegatingConstructorAccessorImpl.newInstance(DelegatingConstructorAccessorImpl.java:45)
      	at java.base/java.lang.reflect.Constructor.newInstance(Constructor.java:490)
      	at org.openqa.selenium.remote.http.W3CHttpResponseCodec.createException(W3CHttpResponseCodec.java:187)
      	at org.openqa.selenium.remote.http.W3CHttpResponseCodec.decode(W3CHttpResponseCodec.java:122)
      	at org.openqa.selenium.remote.http.W3CHttpResponseCodec.decode(W3CHttpResponseCodec.java:49)
      	at org.openqa.selenium.remote.HttpCommandExecutor.execute(HttpCommandExecutor.java:158)
      	at org.openqa.selenium.remote.service.DriverCommandExecutor.execute(DriverCommandExecutor.java:83)
      	at org.openqa.selenium.remote.RemoteWebDriver.execute(RemoteWebDriver.java:552)
      	at org.openqa.selenium.remote.RemoteWebElement.execute(RemoteWebElement.java:285)
      	at org.openqa.selenium.remote.RemoteWebElement.click(RemoteWebElement.java:84)
      	at java.base/jdk.internal.reflect.NativeMethodAccessorImpl.invoke0(Native Method)
      	at java.base/jdk.internal.reflect.NativeMethodAccessorImpl.invoke(NativeMethodAccessorImpl.java:62)
      	at java.base/jdk.internal.reflect.DelegatingMethodAccessorImpl.invoke(DelegatingMethodAccessorImpl.java:43)
      	at java.base/java.lang.reflect.Method.invoke(Method.java:566)
      	at org.openqa.selenium.support.pagefactory.internal.LocatingElementHandler.invoke(LocatingElementHandler.java:51)
      	at com.sun.proxy.$Proxy34.click(Unknown Source)
      	at com.qa.pageobjects.LoginPage.onLoginsuccess(LoginPage.java:33)
      	at stepdefinitions.CustomerConsoleStepDefinitions.user_login_into_application_with_password(CustomerConsoleStepDefinitions.java:48)
      	at ?.And User login into application with password(CustomerConsole.feature:22)
      &amp#27;[0m
    &amp#27;[36mThen &amp#27;[0m&amp#27;[36mHome page is displayed&amp#27;[0m                                            &amp#27;[90m# CustomerConsoleStepDefinitions.home_page_is_displayed()&amp#27;[0m
    &amp#27;[36mAnd &amp#27;[0m&amp#27;[36mUser successfully verifies the customer console disclaimer section&amp#27;[0m &amp#27;[90m# CustomerConsoleStepDefinitions.user_successfully_verifies_the_customer_console_disclaimer_section()&amp#27;[0m
    &amp#27;[36mAnd &amp#27;[0m&amp#27;[36mUser closes out the browser successfully&amp#27;[0m                           &amp#27;[90m# CustomerConsoleStepDefinitions.user_closes_out_the_browser_successfully()&amp#27;[0m
16/Jun/2020 16:04:16,835- Class: ChromeBrowser has been initialized
16/Jun/2020 16:04:30,459- Class: HPGas URL has  been launched
16/Jun/2020 16:04:35,811- Class: SignIn button is clicked on Securities Verification page
16/Jun/2020 16:04:36,030- Class: Valid emailID has been entered in the securities verification page
16/Jun/2020 16:04:41,146- Class: capcha is entered in the panelbox
16/Jun/2020 16:04:43,678- Class: LoginPage title is retrievedMy HPGas | Login
16/Jun/2020 16:04:43,924- Class: User has entered a valid password in the login page
16/Jun/2020 16:05:02,759- Class: login button is clicked
16/Jun/2020 16:05:02,877- Class: Console page title is retrived My HPGas | Customer Console
number of links are 1

  Scenario: Disclaimer logo click event validation                        &amp#27;[90m# CustomerConsole.feature:27&amp#27;[0m
    &amp#27;[32mGiven &amp#27;[0m&amp#27;[32mUser is on My HpGas login page&amp#27;[0m                                  &amp#27;[90m# CustomerConsoleStepDefinitions.user_is_on_my_hpgas_login_page()&amp#27;[0m
    &amp#27;[32mWhen &amp#27;[0m&amp#27;[32mUser cracks the security verification successfully&amp#27;[0m               &amp#27;[90m# CustomerConsoleStepDefinitions.user_cracks_the_security_verification_successfully()&amp#27;[0m
    &amp#27;[32mAnd &amp#27;[0m&amp#27;[32mUser login into application with password&amp#27;[0m                         &amp#27;[90m# CustomerConsoleStepDefinitions.user_login_into_application_with_password()&amp#27;[0m
    &amp#27;[32mThen &amp#27;[0m&amp#27;[32mHome page is displayed&amp#27;[0m                                           &amp#27;[90m# CustomerConsoleStepDefinitions.home_page_is_displayed()&amp#27;[0m
    &amp#27;[31mWhen &amp#27;[0m&amp#27;[31mUser clicks on the HP Gas logo from the disclaimer&amp#27;[0m               &amp#27;[90m# CustomerConsoleStepDefinitions.user_clicks_on_the_hp_gas_logo_from_the_disclaimer()&amp#27;[0m
      &amp#27;[31morg.openqa.selenium.ElementNotInteractableException: element not interactable: element has zero size
        (Session info: chrome=83.0.4103.97)
      Build info: version: '3.141.59', revision: 'e82be7d358', time: '2018-11-14T08:17:03'
      System info: host: 'LAPTOP-BG1H6HQE', ip: '192.168.0.101', os.name: 'Windows 10', os.arch: 'amd64', os.version: '10.0', java.version: '11.0.5'
      Driver info: org.openqa.selenium.chrome.ChromeDriver
      Capabilities {acceptInsecureCerts: false, browserName: chrome, browserVersion: 83.0.4103.97, chrome: {chromedriverVersion: 83.0.4103.39 (ccbf011cb2d2b..., userDataDir: C:\Users\User\AppData\Local...}, goog:chromeOptions: {debuggerAddress: localhost:62711}, javascriptEnabled: true, networkConnectionEnabled: false, pageLoadStrategy: normal, platform: WINDOWS, platformName: WINDOWS, proxy: Proxy(), setWindowRect: true, strictFileInteractability: false, timeouts: {implicit: 0, pageLoad: 300000, script: 30000}, unhandledPromptBehavior: dismiss and notify, webauthn:virtualAuthenticators: true}
      Session ID: ebea4bfa5ad646b7a22cb230f85c1f79
      	at java.base/jdk.internal.reflect.NativeConstructorAccessorImpl.newInstance0(Native Method)
      	at java.base/jdk.internal.reflect.NativeConstructorAccessorImpl.newInstance(NativeConstructorAccessorImpl.java:62)
      	at java.base/jdk.internal.reflect.DelegatingConstructorAccessorImpl.newInstance(DelegatingConstructorAccessorImpl.java:45)
      	at java.base/java.lang.reflect.Constructor.newInstance(Constructor.java:490)
      	at org.openqa.selenium.remote.http.W3CHttpResponseCodec.createException(W3CHttpResponseCodec.java:187)
      	at org.openqa.selenium.remote.http.W3CHttpResponseCodec.decode(W3CHttpResponseCodec.java:122)
      	at org.openqa.selenium.remote.http.W3CHttpResponseCodec.decode(W3CHttpResponseCodec.java:49)
      	at org.openqa.selenium.remote.HttpCommandExecutor.execute(HttpCommandExecutor.java:158)
      	at org.openqa.selenium.remote.service.DriverCommandExecutor.execute(DriverCommandExecutor.java:83)
      	at org.openqa.selenium.remote.RemoteWebDriver.execute(RemoteWebDriver.java:552)
      	at org.openqa.selenium.remote.RemoteWebElement.execute(RemoteWebElement.java:285)
      	at org.openqa.selenium.remote.RemoteWebElement.click(RemoteWebElement.java:84)
      	at com.qa.pageobjects.CustomerConsolePage.onClickLogoVerification(CustomerConsolePage.java:113)
      	at stepdefinitions.CustomerConsoleStepDefinitions.user_clicks_on_the_hp_gas_logo_from_the_disclaimer(CustomerConsoleStepDefinitions.java:61)
      	at ?.When User clicks on the HP Gas logo from the disclaimer(CustomerConsole.feature:32)
      &amp#27;[0m
    &amp#27;[36mThen &amp#27;[0m&amp#27;[36mUser is succcessfully able to navigate into MyHp home page&amp#27;[0m       &amp#27;[90m# CustomerConsoleStepDefinitions.user_is_succcessfully_able_to_navigate_into_myhp_home_page()&amp#27;[0m
    &amp#27;[36mAnd &amp#27;[0m&amp#27;[36mUser successfully verifies the title of the home page&amp#27;[0m             &amp#27;[90m# CustomerConsoleStepDefinitions.user_successfully_verifies_the_title_of_the_home_page()&amp#27;[0m
    &amp#27;[36mAnd &amp#27;[0m&amp#27;[36mUser successfully comes back into the my hp customer console page&amp#27;[0m &amp#27;[90m# CustomerConsoleStepDefinitions.user_successfully_comes_back_into_the_my_hp_customer_console_page()&amp#27;[0m
    &amp#27;[36mAnd &amp#27;[0m&amp#27;[36mUser closes out the browser successfully&amp#27;[0m                          &amp#27;[90m# CustomerConsoleStepDefinitions.user_closes_out_the_browser_successfully()&amp#27;[0m
]]></system-out>
    <system-err><![CDATA[Starting ChromeDriver 83.0.4103.39 (ccbf011cb2d2b19b506d844400483861342c20cd-refs/branch-heads/4103@{#416}) on port 48195
Only local connections are allowed.
Please see https://chromedriver.chromium.org/security-considerations for suggestions on keeping ChromeDriver safe.
ChromeDriver was started successfully.
Jun 16, 2020 4:01:08 PM org.openqa.selenium.remote.ProtocolHandshake createSession
INFO: Detected dialect: W3C
[1592303519.360][SEVERE]: Timed out receiving message from renderer: 20.000
[1592303519.368][SEVERE]: Timed out receiving message from renderer: 20.000
Starting ChromeDriver 83.0.4103.39 (ccbf011cb2d2b19b506d844400483861342c20cd-refs/branch-heads/4103@{#416}) on port 5011
Only local connections are allowed.
Please see https://chromedriver.chromium.org/security-considerations for suggestions on keeping ChromeDriver safe.
ChromeDriver was started successfully.
Jun 16, 2020 4:02:02 PM org.openqa.selenium.remote.ProtocolHandshake createSession
INFO: Detected dialect: W3C
[1592303597.927][SEVERE]: Timed out receiving message from renderer: 20.000
[1592303597.934][SEVERE]: Timed out receiving message from renderer: 20.000
Starting ChromeDriver 83.0.4103.39 (ccbf011cb2d2b19b506d844400483861342c20cd-refs/branch-heads/4103@{#416}) on port 15426
Only local connections are allowed.
Please see https://chromedriver.chromium.org/security-considerations for suggestions on keeping ChromeDriver safe.
ChromeDriver was started successfully.
Jun 16, 2020 4:03:21 PM org.openqa.selenium.remote.ProtocolHandshake createSession
INFO: Detected dialect: W3C
[1592303653.345][SEVERE]: Timed out receiving message from renderer: 20.000
[1592303653.352][SEVERE]: Timed out receiving message from renderer: 20.000
Starting ChromeDriver 83.0.4103.39 (ccbf011cb2d2b19b506d844400483861342c20cd-refs/branch-heads/4103@{#416}) on port 48813
Only local connections are allowed.
Please see https://chromedriver.chromium.org/security-considerations for suggestions on keeping ChromeDriver safe.
ChromeDriver was started successfully.
Jun 16, 2020 4:04:16 PM org.openqa.selenium.remote.ProtocolHandshake createSession
INFO: Detected dialect: W3C
]]></system-err>
  </testcase>
  <testcase name="feature" classname="cucumberoptions.TestRunner" time="183.546"/>
</testsuite>